2023-11-02 17:40:08,974 INFO E:\coding\python\django\django-rest framework\restpro\restapp\views\__init__.py changed, reloading. 266 
2023-11-02 17:40:13,134 INFO Watching for file changes with StatReloader 668 
2023-11-02 17:40:15,898 INFO E:\coding\python\django\django-rest framework\restpro\restapp\views\__init__.py changed, reloading. 266 
2023-11-02 17:40:17,792 INFO Watching for file changes with StatReloader 668 
2023-11-02 17:40:20,582 INFO E:\coding\python\django\django-rest framework\restpro\restapp\views\__init__.py changed, reloading. 266 
2023-11-02 17:40:22,394 INFO Watching for file changes with StatReloader 668 
2023-11-02 17:47:04,055 INFO E:\coding\python\django\django-rest framework\restpro\restpro\global_msg.py changed, reloading. 266 
2023-11-02 17:47:10,401 INFO Watching for file changes with StatReloader 668 
2023-11-02 17:47:21,068 INFO E:\coding\python\django\django-rest framework\restpro\restpro\global_msg.py changed, reloading. 266 
2023-11-02 17:47:24,588 INFO Watching for file changes with StatReloader 668 
2023-11-02 17:47:32,148 INFO E:\coding\python\django\django-rest framework\restpro\restpro\global_msg.py changed, reloading. 266 
2023-11-02 17:47:36,900 INFO Watching for file changes with StatReloader 668 
2023-11-02 17:47:46,338 INFO E:\coding\python\django\django-rest framework\restpro\restpro\global_msg.py changed, reloading. 266 
2023-11-02 17:47:48,609 INFO Watching for file changes with StatReloader 668 
2023-11-02 17:47:54,427 INFO E:\coding\python\django\django-rest framework\restpro\restpro\global_msg.py changed, reloading. 266 
2023-11-02 17:47:56,771 INFO Watching for file changes with StatReloader 668 
2023-11-02 17:47:58,947 INFO E:\coding\python\django\django-rest framework\restpro\restpro\global_msg.py changed, reloading. 266 
2023-11-02 17:48:00,639 INFO Watching for file changes with StatReloader 668 
2023-11-02 17:48:10,399 INFO E:\coding\python\django\django-rest framework\restpro\restpro\global_msg.py changed, reloading. 266 
2023-11-02 17:48:12,438 INFO Watching for file changes with StatReloader 668 
2023-11-02 17:48:20,343 INFO E:\coding\python\django\django-rest framework\restpro\restpro\global_msg.py changed, reloading. 266 
2023-11-02 17:48:22,248 INFO Watching for file changes with StatReloader 668 
2023-11-02 17:48:26,633 INFO E:\coding\python\django\django-rest framework\restpro\restpro\global_msg.py changed, reloading. 266 
2023-11-02 17:48:27,998 INFO Watching for file changes with StatReloader 668 
2023-11-02 17:48:31,412 INFO E:\coding\python\django\django-rest framework\restpro\restpro\global_msg.py changed, reloading. 266 
2023-11-02 17:48:33,171 INFO Watching for file changes with StatReloader 668 
2023-11-02 17:48:41,297 INFO E:\coding\python\django\django-rest framework\restpro\restpro\global_msg.py changed, reloading. 266 
2023-11-02 17:48:42,805 INFO Watching for file changes with StatReloader 668 
2023-11-02 17:48:51,537 INFO E:\coding\python\django\django-rest framework\restpro\restpro\global_msg.py changed, reloading. 266 
2023-11-02 17:48:53,058 INFO Watching for file changes with StatReloader 668 
2023-11-02 17:49:04,005 INFO E:\coding\python\django\django-rest framework\restpro\restapp\views\student_views.py changed, reloading. 266 
2023-11-02 17:49:06,227 INFO Watching for file changes with StatReloader 668 
2023-11-02 17:49:10,485 INFO E:\coding\python\django\django-rest framework\restpro\restapp\views\student_views.py changed, reloading. 266 
2023-11-02 17:49:12,079 INFO Watching for file changes with StatReloader 668 
2023-11-02 17:49:19,637 INFO E:\coding\python\django\django-rest framework\restpro\restapp\views\student_views.py changed, reloading. 266 
2023-11-02 17:49:21,340 INFO Watching for file changes with StatReloader 668 
2023-11-02 17:49:28,193 INFO E:\coding\python\django\django-rest framework\restpro\restapp\views\student_views.py changed, reloading. 266 
2023-11-02 17:49:30,157 INFO Watching for file changes with StatReloader 668 
2023-11-02 17:52:12,612 INFO E:\coding\python\django\django-rest framework\restpro\restpro\global_msg.py changed, reloading. 266 
2023-11-02 17:52:15,166 INFO Watching for file changes with StatReloader 668 
2023-11-02 17:52:20,948 INFO E:\coding\python\django\django-rest framework\restpro\restpro\global_msg.py changed, reloading. 266 
2023-11-02 17:52:22,772 INFO Watching for file changes with StatReloader 668 
2023-11-02 17:52:25,979 INFO E:\coding\python\django\django-rest framework\restpro\restpro\global_msg.py changed, reloading. 266 
2023-11-02 17:52:27,818 INFO Watching for file changes with StatReloader 668 
2023-11-02 17:52:49,327 INFO E:\coding\python\django\django-rest framework\restpro\restapp\views\student_views.py changed, reloading. 266 
2023-11-02 17:52:51,171 INFO Watching for file changes with StatReloader 668 
2023-11-02 17:52:54,571 INFO E:\coding\python\django\django-rest framework\restpro\restapp\views\student_views.py changed, reloading. 266 
2023-11-02 17:52:56,449 INFO Watching for file changes with StatReloader 668 
2023-11-02 17:53:14,124 INFO E:\coding\python\django\django-rest framework\restpro\restapp\views\student_views.py changed, reloading. 266 
2023-11-02 17:53:15,694 INFO Watching for file changes with StatReloader 668 
2023-11-02 17:53:21,356 INFO E:\coding\python\django\django-rest framework\restpro\restapp\views\student_views.py changed, reloading. 266 
2023-11-02 17:53:23,096 INFO Watching for file changes with StatReloader 668 
2023-11-02 17:53:27,328 INFO E:\coding\python\django\django-rest framework\restpro\restapp\views\student_views.py changed, reloading. 266 
2023-11-02 17:53:29,355 INFO Watching for file changes with StatReloader 668 
2023-11-02 17:53:45,388 INFO E:\coding\python\django\django-rest framework\restpro\restapp\views\student_views.py changed, reloading. 266 
2023-11-02 17:53:46,485 INFO Watching for file changes with StatReloader 668 
2023-11-02 17:53:51,226 INFO E:\coding\python\django\django-rest framework\restpro\restapp\views\student_views.py changed, reloading. 266 
2023-11-02 17:53:51,988 INFO Watching for file changes with StatReloader 668 
2023-11-02 17:53:56,607 INFO E:\coding\python\django\django-rest framework\restpro\restapp\views\student_views.py changed, reloading. 266 
2023-11-02 17:53:57,405 INFO Watching for file changes with StatReloader 668 
2023-11-02 17:54:01,027 INFO E:\coding\python\django\django-rest framework\restpro\restapp\views\student_views.py changed, reloading. 266 
2023-11-02 17:54:01,819 INFO Watching for file changes with StatReloader 668 
2023-11-02 17:54:05,206 INFO E:\coding\python\django\django-rest framework\restpro\restapp\views\student_views.py changed, reloading. 266 
2023-11-02 17:54:05,988 INFO Watching for file changes with StatReloader 668 
2023-11-02 17:54:10,669 INFO E:\coding\python\django\django-rest framework\restpro\restapp\views\student_views.py changed, reloading. 266 
2023-11-02 17:54:11,551 INFO Watching for file changes with StatReloader 668 
2023-11-02 17:54:19,361 INFO E:\coding\python\django\django-rest framework\restpro\restapp\views\student_views.py changed, reloading. 266 
2023-11-02 17:54:21,371 INFO Watching for file changes with StatReloader 668 
2023-11-02 17:54:29,938 INFO E:\coding\python\django\django-rest framework\restpro\restapp\views\student_views.py changed, reloading. 266 
2023-11-02 17:54:30,911 INFO Watching for file changes with StatReloader 668 
2023-11-02 17:54:37,072 INFO E:\coding\python\django\django-rest framework\restpro\restapp\views\student_views.py changed, reloading. 266 
2023-11-02 17:54:38,319 INFO Watching for file changes with StatReloader 668 
2023-11-02 17:54:41,371 INFO E:\coding\python\django\django-rest framework\restpro\restapp\views\student_views.py changed, reloading. 266 
2023-11-02 17:54:42,599 INFO Watching for file changes with StatReloader 668 
2023-11-02 17:54:49,457 INFO E:\coding\python\django\django-rest framework\restpro\restapp\views\student_views.py changed, reloading. 266 
2023-11-02 17:54:50,360 INFO Watching for file changes with StatReloader 668 
2023-11-02 17:55:22,903 INFO E:\coding\python\django\django-rest framework\restpro\restapp\views\student_views.py changed, reloading. 266 
2023-11-02 17:55:23,697 INFO Watching for file changes with StatReloader 668 
2023-11-02 17:55:25,590 INFO E:\coding\python\django\django-rest framework\restpro\restapp\views\student_views.py changed, reloading. 266 
2023-11-02 17:55:26,482 INFO Watching for file changes with StatReloader 668 
2023-11-02 17:55:48,220 ERROR Internal Server Error: /student/create 241 
Traceback (most recent call last):
  File "E:\coding\python\django\django-rest framework\env\Lib\site-packages\django\core\handlers\exception.py", line 55, in inner
    response = get_response(request)
               ^^^^^^^^^^^^^^^^^^^^^
  File "E:\coding\python\django\django-rest framework\env\Lib\site-packages\django\core\handlers\base.py", line 197, in _get_response
    response = wrapped_callback(request, *callback_args, **callback_kwargs)
               ^^^^^^^^^^^^^^^^^^^^^^^^^^^^^^^^^^^^^^^^^^^^^^^^^^^^^^^^^^^^
  File "E:\coding\python\django\django-rest framework\env\Lib\site-packages\django\views\decorators\csrf.py", line 56, in wrapper_view
    return view_func(*args, **kwargs)
           ^^^^^^^^^^^^^^^^^^^^^^^^^^
  File "E:\coding\python\django\django-rest framework\env\Lib\site-packages\django\views\generic\base.py", line 104, in view
    return self.dispatch(request, *args, **kwargs)
           ^^^^^^^^^^^^^^^^^^^^^^^^^^^^^^^^^^^^^^^
  File "E:\coding\python\django\django-rest framework\env\Lib\site-packages\rest_framework\views.py", line 511, in dispatch
    self.response = self.finalize_response(request, response, *args, **kwargs)
                    ^^^^^^^^^^^^^^^^^^^^^^^^^^^^^^^^^^^^^^^^^^^^^^^^^^^^^^^^^^
  File "E:\coding\python\django\django-rest framework\env\Lib\site-packages\rest_framework\views.py", line 423, in finalize_response
    assert isinstance(response, HttpResponseBase), (
AssertionError: Expected a `Response`, `HttpResponse` or `HttpStreamingResponse` to be returned from the view, but received a `<class 'NoneType'>`
2023-11-02 17:55:48,248 ERROR "POST /student/create HTTP/1.1" 500 80555 212 
2023-11-02 17:55:52,551 ERROR Internal Server Error: /student/create 241 
Traceback (most recent call last):
  File "E:\coding\python\django\django-rest framework\env\Lib\site-packages\django\core\handlers\exception.py", line 55, in inner
    response = get_response(request)
               ^^^^^^^^^^^^^^^^^^^^^
  File "E:\coding\python\django\django-rest framework\env\Lib\site-packages\django\core\handlers\base.py", line 197, in _get_response
    response = wrapped_callback(request, *callback_args, **callback_kwargs)
               ^^^^^^^^^^^^^^^^^^^^^^^^^^^^^^^^^^^^^^^^^^^^^^^^^^^^^^^^^^^^
  File "E:\coding\python\django\django-rest framework\env\Lib\site-packages\django\views\decorators\csrf.py", line 56, in wrapper_view
    return view_func(*args, **kwargs)
           ^^^^^^^^^^^^^^^^^^^^^^^^^^
  File "E:\coding\python\django\django-rest framework\env\Lib\site-packages\django\views\generic\base.py", line 104, in view
    return self.dispatch(request, *args, **kwargs)
           ^^^^^^^^^^^^^^^^^^^^^^^^^^^^^^^^^^^^^^^
  File "E:\coding\python\django\django-rest framework\env\Lib\site-packages\rest_framework\views.py", line 511, in dispatch
    self.response = self.finalize_response(request, response, *args, **kwargs)
                    ^^^^^^^^^^^^^^^^^^^^^^^^^^^^^^^^^^^^^^^^^^^^^^^^^^^^^^^^^^
  File "E:\coding\python\django\django-rest framework\env\Lib\site-packages\rest_framework\views.py", line 423, in finalize_response
    assert isinstance(response, HttpResponseBase), (
AssertionError: Expected a `Response`, `HttpResponse` or `HttpStreamingResponse` to be returned from the view, but received a `<class 'NoneType'>`
2023-11-02 17:55:52,552 ERROR "POST /student/create HTTP/1.1" 500 80555 212 
2023-11-02 17:56:10,260 INFO Watching for file changes with StatReloader 668 
2023-11-02 17:56:21,981 ERROR Internal Server Error: /student/create 241 
Traceback (most recent call last):
  File "E:\coding\python\django\django-rest framework\env\Lib\site-packages\django\core\handlers\exception.py", line 55, in inner
    response = get_response(request)
               ^^^^^^^^^^^^^^^^^^^^^
  File "E:\coding\python\django\django-rest framework\env\Lib\site-packages\django\core\handlers\base.py", line 197, in _get_response
    response = wrapped_callback(request, *callback_args, **callback_kwargs)
               ^^^^^^^^^^^^^^^^^^^^^^^^^^^^^^^^^^^^^^^^^^^^^^^^^^^^^^^^^^^^
  File "E:\coding\python\django\django-rest framework\env\Lib\site-packages\django\views\decorators\csrf.py", line 56, in wrapper_view
    return view_func(*args, **kwargs)
           ^^^^^^^^^^^^^^^^^^^^^^^^^^
  File "E:\coding\python\django\django-rest framework\env\Lib\site-packages\django\views\generic\base.py", line 104, in view
    return self.dispatch(request, *args, **kwargs)
           ^^^^^^^^^^^^^^^^^^^^^^^^^^^^^^^^^^^^^^^
  File "E:\coding\python\django\django-rest framework\env\Lib\site-packages\rest_framework\views.py", line 511, in dispatch
    self.response = self.finalize_response(request, response, *args, **kwargs)
                    ^^^^^^^^^^^^^^^^^^^^^^^^^^^^^^^^^^^^^^^^^^^^^^^^^^^^^^^^^^
  File "E:\coding\python\django\django-rest framework\env\Lib\site-packages\rest_framework\views.py", line 423, in finalize_response
    assert isinstance(response, HttpResponseBase), (
AssertionError: Expected a `Response`, `HttpResponse` or `HttpStreamingResponse` to be returned from the view, but received a `<class 'NoneType'>`
2023-11-02 17:56:21,983 ERROR "POST /student/create HTTP/1.1" 500 80555 212 
2023-11-02 17:56:29,966 WARNING Method Not Allowed: /student/create 241 
2023-11-02 17:56:29,967 WARNING "GET /student/create HTTP/1.1" 405 40 212 
2023-11-02 17:56:33,581 ERROR Internal Server Error: /student/create 241 
Traceback (most recent call last):
  File "E:\coding\python\django\django-rest framework\env\Lib\site-packages\django\core\handlers\exception.py", line 55, in inner
    response = get_response(request)
               ^^^^^^^^^^^^^^^^^^^^^
  File "E:\coding\python\django\django-rest framework\env\Lib\site-packages\django\core\handlers\base.py", line 197, in _get_response
    response = wrapped_callback(request, *callback_args, **callback_kwargs)
               ^^^^^^^^^^^^^^^^^^^^^^^^^^^^^^^^^^^^^^^^^^^^^^^^^^^^^^^^^^^^
  File "E:\coding\python\django\django-rest framework\env\Lib\site-packages\django\views\decorators\csrf.py", line 56, in wrapper_view
    return view_func(*args, **kwargs)
           ^^^^^^^^^^^^^^^^^^^^^^^^^^
  File "E:\coding\python\django\django-rest framework\env\Lib\site-packages\django\views\generic\base.py", line 104, in view
    return self.dispatch(request, *args, **kwargs)
           ^^^^^^^^^^^^^^^^^^^^^^^^^^^^^^^^^^^^^^^
  File "E:\coding\python\django\django-rest framework\env\Lib\site-packages\rest_framework\views.py", line 511, in dispatch
    self.response = self.finalize_response(request, response, *args, **kwargs)
                    ^^^^^^^^^^^^^^^^^^^^^^^^^^^^^^^^^^^^^^^^^^^^^^^^^^^^^^^^^^
  File "E:\coding\python\django\django-rest framework\env\Lib\site-packages\rest_framework\views.py", line 423, in finalize_response
    assert isinstance(response, HttpResponseBase), (
AssertionError: Expected a `Response`, `HttpResponse` or `HttpStreamingResponse` to be returned from the view, but received a `<class 'NoneType'>`
2023-11-02 17:56:33,583 ERROR "POST /student/create HTTP/1.1" 500 80555 212 
2023-11-02 17:57:04,781 INFO E:\coding\python\django\django-rest framework\restpro\restapp\views\student_views.py changed, reloading. 266 
2023-11-02 17:57:06,694 INFO Watching for file changes with StatReloader 668 
2023-11-02 17:57:07,979 INFO E:\coding\python\django\django-rest framework\restpro\restapp\views\student_views.py changed, reloading. 266 
2023-11-02 17:57:08,772 INFO Watching for file changes with StatReloader 668 
2023-11-02 17:57:11,593 INFO E:\coding\python\django\django-rest framework\restpro\restapp\views\student_views.py changed, reloading. 266 
2023-11-02 17:57:12,415 INFO Watching for file changes with StatReloader 668 
2023-11-02 17:57:14,026 INFO E:\coding\python\django\django-rest framework\restpro\restapp\views\student_views.py changed, reloading. 266 
2023-11-02 17:57:14,823 INFO Watching for file changes with StatReloader 668 
2023-11-02 17:57:21,257 INFO E:\coding\python\django\django-rest framework\restpro\restapp\views\student_views.py changed, reloading. 266 
2023-11-02 17:57:22,505 INFO Watching for file changes with StatReloader 668 
2023-11-02 17:57:25,621 ERROR Internal Server Error: /student/create 241 
Traceback (most recent call last):
  File "E:\coding\python\django\django-rest framework\env\Lib\site-packages\django\core\handlers\exception.py", line 55, in inner
    response = get_response(request)
               ^^^^^^^^^^^^^^^^^^^^^
  File "E:\coding\python\django\django-rest framework\env\Lib\site-packages\django\core\handlers\base.py", line 197, in _get_response
    response = wrapped_callback(request, *callback_args, **callback_kwargs)
               ^^^^^^^^^^^^^^^^^^^^^^^^^^^^^^^^^^^^^^^^^^^^^^^^^^^^^^^^^^^^
  File "E:\coding\python\django\django-rest framework\env\Lib\site-packages\django\views\decorators\csrf.py", line 56, in wrapper_view
    return view_func(*args, **kwargs)
           ^^^^^^^^^^^^^^^^^^^^^^^^^^
  File "E:\coding\python\django\django-rest framework\env\Lib\site-packages\django\views\generic\base.py", line 104, in view
    return self.dispatch(request, *args, **kwargs)
           ^^^^^^^^^^^^^^^^^^^^^^^^^^^^^^^^^^^^^^^
  File "E:\coding\python\django\django-rest framework\env\Lib\site-packages\rest_framework\views.py", line 511, in dispatch
    self.response = self.finalize_response(request, response, *args, **kwargs)
                    ^^^^^^^^^^^^^^^^^^^^^^^^^^^^^^^^^^^^^^^^^^^^^^^^^^^^^^^^^^
  File "E:\coding\python\django\django-rest framework\env\Lib\site-packages\rest_framework\views.py", line 423, in finalize_response
    assert isinstance(response, HttpResponseBase), (
AssertionError: Expected a `Response`, `HttpResponse` or `HttpStreamingResponse` to be returned from the view, but received a `<class 'NoneType'>`
2023-11-02 17:57:25,624 ERROR "POST /student/create HTTP/1.1" 500 80555 212 
2023-11-02 17:57:36,997 WARNING Not Found: /student/create 241 
2023-11-02 17:57:36,998 WARNING "POST /student/create HTTP/1.1" 404 53 212 
2023-11-02 18:00:26,677 INFO E:\coding\python\django\django-rest framework\restpro\restapp\views\student_views.py changed, reloading. 266 
2023-11-02 18:00:28,952 INFO Watching for file changes with StatReloader 668 
2023-11-02 18:00:30,232 INFO E:\coding\python\django\django-rest framework\restpro\restapp\views\student_views.py changed, reloading. 266 
2023-11-02 18:00:31,194 INFO Watching for file changes with StatReloader 668 
2023-11-02 18:00:58,139 INFO E:\coding\python\django\django-rest framework\restpro\restapp\views\student_views.py changed, reloading. 266 
2023-11-02 18:00:58,874 INFO Watching for file changes with StatReloader 668 
2023-11-02 18:01:09,629 INFO E:\coding\python\django\django-rest framework\restpro\restapp\views\student_views.py changed, reloading. 266 
2023-11-02 18:01:10,953 INFO Watching for file changes with StatReloader 668 
2023-11-02 18:01:18,024 INFO E:\coding\python\django\django-rest framework\restpro\restapp\views\student_views.py changed, reloading. 266 
2023-11-02 18:01:19,519 INFO Watching for file changes with StatReloader 668 
2023-11-02 18:01:24,352 INFO E:\coding\python\django\django-rest framework\restpro\restapp\views\student_views.py changed, reloading. 266 
2023-11-02 18:01:25,666 INFO Watching for file changes with StatReloader 668 
2023-11-02 18:01:28,346 INFO E:\coding\python\django\django-rest framework\restpro\restapp\views\student_views.py changed, reloading. 266 
2023-11-02 18:01:29,231 INFO Watching for file changes with StatReloader 668 
